<?xml version="1.0" encoding="UTF-8"?>
<testsuite name="edu.bsu.cs222.ReadXmlFromFileTest" tests="2" skipped="0" failures="0" errors="0" timestamp="2020-09-24T03:30:53" hostname="DESKTOP-TNE4N1O" time="0.12">
  <properties/>
  <testcase name="testReadXmlDocumentFromFile()" classname="edu.bsu.cs222.ReadXmlFromFileTest" time="0.087"/>
  <testcase name="testCountRevisionChildrenWithXpath()" classname="edu.bsu.cs222.ReadXmlFromFileTest" time="0.032"/>
  <system-out><![CDATA[]]></system-out>
  <system-err><![CDATA[]]></system-err>
</testsuite>
