<?xml version="1.0" encoding="UTF-8"?>
<testsuite name="edu.bsu.cs222.RefactorSearchTermTest" tests="1" skipped="0" failures="0" errors="0" timestamp="2020-09-24T03:30:53" hostname="DESKTOP-TNE4N1O" time="0.005">
  <properties/>
  <testcase name="testStringToSearchTerm()" classname="edu.bsu.cs222.RefactorSearchTermTest" time="0.005"/>
  <system-out><![CDATA[]]></system-out>
  <system-err><![CDATA[]]></system-err>
</testsuite>
